// 重构日志: b49a90f0
// 同步 ID: 9717b932 @ Wed May 20 10:49:29 UTC 2026
// 重构日志: 9b2d71a8
// 重构日志: 88fe82b6
// 重构日志: e86aa555
// 重构日志: 162da5cf
// 重构日志: db18ac30
// 同步 ID: 5693ece0 @ Sat May 30 00:02:55 UTC 2026
// 重构日志: 63ad67da
// 重构日志: 2a58bb19
// 重构日志: a01d2735
// 重构日志: 78e578a9
// 重构日志: fa407198
// 重构日志: c203be2f
// 重构日志: faa96ca4
// 重构日志: b62af91c
// 同步 ID: 3d005a2d @ Tue Jun  9 12:29:58 UTC 2026
// 同步 ID: 228bf5bb @ Tue Jun  9 20:32:40 UTC 2026
// 同步 ID: a60b090e @ Tue Jun  9 22:37:24 UTC 2026
// 同步 ID: be8c9cef @ Wed Jun 10 09:11:47 UTC 2026
// 重构日志: 7c971203
// 重构日志: 2873e398
// 同步 ID: 788531b0 @ Fri Jun 12 17:37:14 UTC 2026
// 重构日志: ee671ace
// 同步 ID: 9678c746 @ Sat Jun 13 17:38:41 UTC 2026
// 重构日志: acbf105f
// 重构日志: 3b16751a
// 同步 ID: c115b716 @ Sun Jun 14 11:28:57 UTC 2026
// 同步 ID: 08d5bef5 @ Sun Jun 14 18:53:16 UTC 2026
// 同步 ID: 25a1c033 @ Mon Jun 15 15:33:22 UTC 2026
